<?xml version="1.0" encoding="UTF-8"?>
<testsuite name="com.abc.BankTest" tests="4" skipped="0" failures="0" errors="0" timestamp="2023-11-02T14:30:26" hostname="LAPTOP-A6RI9BFO" time="0.069">
  <properties/>
  <testcase name="maxi_savings_account()" classname="com.abc.BankTest" time="0.057"/>
  <testcase name="customerSummary()" classname="com.abc.BankTest" time="0.006"/>
  <testcase name="savings_account()" classname="com.abc.BankTest" time="0.002"/>
  <testcase name="totalInterestWithMultipleCustomersPaidTest()" classname="com.abc.BankTest" time="0.001"/>
  <system-out><![CDATA[02-11-2023 10:30:26 DEBUG value of total local variable before enetering htloop was 0.0
02-11-2023 10:30:26 DEBUG value of total local variable was 0.0
maxi_savings_account Fail
BankTest Success
02-11-2023 10:30:26 DEBUG value of total local variable before enetering htloop was 0.0
02-11-2023 10:30:26 DEBUG value of total local variable was 2.0
savings_account Success
02-11-2023 10:30:26 DEBUG value of total local variable before enetering htloop was 0.0
02-11-2023 10:30:26 DEBUG value of total local variable was 10.5
totalInterestWithMultipleCustomersPaidTest Fail
]]></system-out>
  <system-err><![CDATA[]]></system-err>
</testsuite>
