<?xml version="1.0" encoding="UTF-8"?>
<testsuite name="com.abc.transferTest" tests="1" skipped="0" failures="0" errors="0" timestamp="2023-11-02T14:30:26" hostname="LAPTOP-A6RI9BFO" time="0.002">
  <properties/>
  <testcase name="transfermoney()" classname="com.abc.transferTest" time="0.002"/>
  <system-out><![CDATA[TransferTest Success1
TransferTest Success2
TransferTest Fail3
]]></system-out>
  <system-err><![CDATA[]]></system-err>
</testsuite>
