<?xml version="1.0" encoding="UTF-8"?>
<testsuite name="com.abc.CustomerTest" tests="4" skipped="0" failures="0" errors="0" timestamp="2023-11-02T14:30:26" hostname="LAPTOP-A6RI9BFO" time="0.011">
  <properties/>
  <testcase name="testOneAccount()" classname="com.abc.CustomerTest" time="0.002"/>
  <testcase name="testTwoAccount()" classname="com.abc.CustomerTest" time="0.0"/>
  <testcase name="testApp()" classname="com.abc.CustomerTest" time="0.006"/>
  <testcase name="testThreeAccounts()" classname="com.abc.CustomerTest" time="0.0"/>
  <system-out><![CDATA[testOneAccount Success
testTwoAccount Success
CustomerTest Fail
testThreeAccounts Fail
]]></system-out>
  <system-err><![CDATA[]]></system-err>
</testsuite>
