<?xml version="1.0" encoding="UTF-8"?>
<testsuite name="com.abc.TransactionTest" tests="1" skipped="0" failures="0" errors="0" timestamp="2023-11-02T14:30:26" hostname="LAPTOP-A6RI9BFO" time="0.0">
  <properties/>
  <testcase name="transaction()" classname="com.abc.TransactionTest" time="0.0"/>
  <system-out><![CDATA[TransactionTest Success
]]></system-out>
  <system-err><![CDATA[]]></system-err>
</testsuite>
